{"/Users/r1cebank/Documents/rai/dist/dbloader/dbloader.js":{"path":"/Users/r1cebank/Documents/rai/dist/dbloader/dbloader.js","s":{"1":1,"2":1,"3":6,"4":6,"5":6,"6":6,"7":8,"8":8,"9":8,"10":8,"11":1,"12":7,"13":8,"14":6,"15":8,"16":8,"17":8,"18":8,"19":2,"20":6,"21":8,"22":6},"b":{"1":[1,7],"2":[2,6]},"f":{"1":1,"2":6,"3":8,"4":8,"5":8,"6":8},"fnMap":{"1":{"name":"(anonymous_1)","line":1,"loc":{"start":{"line":1,"column":1},"end":{"line":1,"column":12}}},"2":{"name":"(anonymous_2)","line":2,"loc":{"start":{"line":2,"column":19},"end":{"line":2,"column":37}}},"3":{"name":"(anonymous_3)","line":6,"loc":{"start":{"line":6,"column":21},"end":{"line":6,"column":34}}},"4":{"name":"(anonymous_4)","line":9,"loc":{"start":{"line":9,"column":32},"end":{"line":9,"column":54}}},"5":{"name":"(anonymous_5)","line":18,"loc":{"start":{"line":18,"column":30},"end":{"line":18,"column":43}}},"6":{"name":"(anonymous_6)","line":21,"loc":{"start":{"line":21,"column":30},"end":{"line":21,"column":52}}}},"statementMap":{"1":{"start":{"line":1,"column":0},"end":{"line":33,"column":14}},"2":{"start":{"line":2,"column":2},"end":{"line":31,"column":4}},"3":{"start":{"line":3,"column":4},"end":{"line":3,"column":16}},"4":{"start":{"line":4,"column":4},"end":{"line":4,"column":14}},"5":{"start":{"line":5,"column":4},"end":{"line":5,"column":21}},"6":{"start":{"line":6,"column":4},"end":{"line":17,"column":6}},"7":{"start":{"line":7,"column":6},"end":{"line":7,"column":19}},"8":{"start":{"line":8,"column":6},"end":{"line":8,"column":27}},"9":{"start":{"line":9,"column":6},"end":{"line":15,"column":9}},"10":{"start":{"line":10,"column":8},"end":{"line":14,"column":9}},"11":{"start":{"line":11,"column":10},"end":{"line":11,"column":51}},"12":{"start":{"line":13,"column":10},"end":{"line":13,"column":40}},"13":{"start":{"line":16,"column":6},"end":{"line":16,"column":30}},"14":{"start":{"line":18,"column":4},"end":{"line":29,"column":6}},"15":{"start":{"line":19,"column":6},"end":{"line":19,"column":19}},"16":{"start":{"line":20,"column":6},"end":{"line":20,"column":27}},"17":{"start":{"line":21,"column":6},"end":{"line":27,"column":9}},"18":{"start":{"line":22,"column":8},"end":{"line":26,"column":9}},"19":{"start":{"line":23,"column":10},"end":{"line":23,"column":51}},"20":{"start":{"line":25,"column":10},"end":{"line":25,"column":40}},"21":{"start":{"line":28,"column":6},"end":{"line":28,"column":30}},"22":{"start":{"line":30,"column":4},"end":{"line":30,"column":16}}},"branchMap":{"1":{"line":10,"type":"if","locations":[{"start":{"line":10,"column":8},"end":{"line":10,"column":8}},{"start":{"line":10,"column":8},"end":{"line":10,"column":8}}]},"2":{"line":22,"type":"if","locations":[{"start":{"line":22,"column":8},"end":{"line":22,"column":8}},{"start":{"line":22,"column":8},"end":{"line":22,"column":8}}]}}},"/Users/r1cebank/Documents/rai/dist/dbloader/routeloader.js":{"path":"/Users/r1cebank/Documents/rai/dist/dbloader/routeloader.js","s":{"1":1,"2":1,"3":5,"4":5,"5":5,"6":5,"7":5,"8":5,"9":5,"10":5,"11":5,"12":5,"13":5,"14":5,"15":5,"16":10,"17":10,"18":10,"19":7,"20":7,"21":7,"22":7,"23":6,"24":6,"25":6,"26":6,"27":10,"28":10,"29":10,"30":8,"31":8,"32":8,"33":8,"34":8,"35":8,"36":0,"37":0,"38":2,"39":2,"40":4,"41":3,"42":3,"43":3,"44":7,"45":3,"46":4,"47":4,"48":3,"49":10,"50":5},"b":{"1":[7,3],"2":[8,2],"3":[8,0],"4":[3,4]},"f":{"1":1,"2":5,"3":10,"4":6,"5":6,"6":0,"7":3,"8":7},"fnMap":{"1":{"name":"(anonymous_1)","line":1,"loc":{"start":{"line":1,"column":1},"end":{"line":1,"column":12}}},"2":{"name":"(anonymous_2)","line":2,"loc":{"start":{"line":2,"column":19},"end":{"line":2,"column":37}}},"3":{"name":"(anonymous_3)","line":15,"loc":{"start":{"line":15,"column":28},"end":{"line":15,"column":60}}},"4":{"name":"(anonymous_4)","line":22,"loc":{"start":{"line":22,"column":21},"end":{"line":22,"column":36}}},"5":{"name":"(anonymous_5)","line":24,"loc":{"start":{"line":24,"column":18},"end":{"line":24,"column":41}}},"6":{"name":"(anonymous_6)","line":36,"loc":{"start":{"line":36,"column":46},"end":{"line":36,"column":65}}},"7":{"name":"(anonymous_7)","line":48,"loc":{"start":{"line":48,"column":20},"end":{"line":48,"column":34}}},"8":{"name":"(anonymous_8)","line":52,"loc":{"start":{"line":52,"column":22},"end":{"line":52,"column":33}}}},"statementMap":{"1":{"start":{"line":1,"column":0},"end":{"line":68,"column":14}},"2":{"start":{"line":2,"column":2},"end":{"line":66,"column":4}},"3":{"start":{"line":3,"column":4},"end":{"line":3,"column":91}},"4":{"start":{"line":4,"column":4},"end":{"line":4,"column":14}},"5":{"start":{"line":5,"column":4},"end":{"line":5,"column":48}},"6":{"start":{"line":6,"column":4},"end":{"line":6,"column":47}},"7":{"start":{"line":7,"column":4},"end":{"line":7,"column":51}},"8":{"start":{"line":8,"column":4},"end":{"line":8,"column":42}},"9":{"start":{"line":9,"column":4},"end":{"line":9,"column":21}},"10":{"start":{"line":10,"column":4},"end":{"line":10,"column":27}},"11":{"start":{"line":11,"column":4},"end":{"line":11,"column":49}},"12":{"start":{"line":12,"column":4},"end":{"line":12,"column":35}},"13":{"start":{"line":13,"column":4},"end":{"line":13,"column":33}},"14":{"start":{"line":14,"column":4},"end":{"line":14,"column":35}},"15":{"start":{"line":15,"column":4},"end":{"line":64,"column":6}},"16":{"start":{"line":16,"column":6},"end":{"line":16,"column":32}},"17":{"start":{"line":17,"column":6},"end":{"line":17,"column":27}},"18":{"start":{"line":18,"column":6},"end":{"line":62,"column":7}},"19":{"start":{"line":19,"column":8},"end":{"line":19,"column":44}},"20":{"start":{"line":20,"column":8},"end":{"line":20,"column":75}},"21":{"start":{"line":21,"column":8},"end":{"line":21,"column":48}},"22":{"start":{"line":22,"column":8},"end":{"line":59,"column":18}},"23":{"start":{"line":23,"column":10},"end":{"line":23,"column":49}},"24":{"start":{"line":25,"column":10},"end":{"line":25,"column":46}},"25":{"start":{"line":26,"column":10},"end":{"line":26,"column":23}},"26":{"start":{"line":27,"column":10},"end":{"line":46,"column":11}},"27":{"start":{"line":28,"column":12},"end":{"line":28,"column":30}},"28":{"start":{"line":29,"column":12},"end":{"line":29,"column":78}},"29":{"start":{"line":30,"column":12},"end":{"line":45,"column":13}},"30":{"start":{"line":31,"column":14},"end":{"line":31,"column":84}},"31":{"start":{"line":32,"column":14},"end":{"line":32,"column":53}},"32":{"start":{"line":33,"column":14},"end":{"line":33,"column":49}},"33":{"start":{"line":34,"column":14},"end":{"line":41,"column":15}},"34":{"start":{"line":35,"column":16},"end":{"line":35,"column":85}},"35":{"start":{"line":36,"column":16},"end":{"line":38,"column":20}},"36":{"start":{"line":37,"column":18},"end":{"line":37,"column":83}},"37":{"start":{"line":40,"column":16},"end":{"line":40,"column":37}},"38":{"start":{"line":43,"column":14},"end":{"line":43,"column":64}},"39":{"start":{"line":44,"column":14},"end":{"line":44,"column":78}},"40":{"start":{"line":47,"column":10},"end":{"line":47,"column":25}},"41":{"start":{"line":49,"column":10},"end":{"line":49,"column":74}},"42":{"start":{"line":50,"column":10},"end":{"line":50,"column":29}},"43":{"start":{"line":51,"column":10},"end":{"line":51,"column":49}},"44":{"start":{"line":53,"column":10},"end":{"line":58,"column":11}},"45":{"start":{"line":54,"column":12},"end":{"line":54,"column":84}},"46":{"start":{"line":56,"column":12},"end":{"line":56,"column":77}},"47":{"start":{"line":57,"column":12},"end":{"line":57,"column":38}},"48":{"start":{"line":61,"column":8},"end":{"line":61,"column":57}},"49":{"start":{"line":63,"column":6},"end":{"line":63,"column":30}},"50":{"start":{"line":65,"column":4},"end":{"line":65,"column":16}}},"branchMap":{"1":{"line":18,"type":"if","locations":[{"start":{"line":18,"column":6},"end":{"line":18,"column":6}},{"start":{"line":18,"column":6},"end":{"line":18,"column":6}}]},"2":{"line":30,"type":"if","locations":[{"start":{"line":30,"column":12},"end":{"line":30,"column":12}},{"start":{"line":30,"column":12},"end":{"line":30,"column":12}}]},"3":{"line":34,"type":"if","locations":[{"start":{"line":34,"column":14},"end":{"line":34,"column":14}},{"start":{"line":34,"column":14},"end":{"line":34,"column":14}}]},"4":{"line":53,"type":"if","locations":[{"start":{"line":53,"column":10},"end":{"line":53,"column":10}},{"start":{"line":53,"column":10},"end":{"line":53,"column":10}}]}}},"/Users/r1cebank/Documents/rai/dist/dbloader/responseBuilder.js":{"path":"/Users/r1cebank/Documents/rai/dist/dbloader/responseBuilder.js","s":{"1":1,"2":1,"3":1,"4":1,"5":5,"6":5,"7":5,"8":0,"9":0,"10":0,"11":0,"12":0,"13":0,"14":0,"15":5},"b":{"1":[0,0]},"f":{"1":1,"2":5,"3":0},"fnMap":{"1":{"name":"(anonymous_1)","line":1,"loc":{"start":{"line":1,"column":1},"end":{"line":1,"column":12}}},"2":{"name":"(anonymous_2)","line":6,"loc":{"start":{"line":6,"column":19},"end":{"line":6,"column":30}}},"3":{"name":"(anonymous_3)","line":9,"loc":{"start":{"line":9,"column":25},"end":{"line":9,"column":51}}}},"statementMap":{"1":{"start":{"line":1,"column":0},"end":{"line":23,"column":14}},"2":{"start":{"line":2,"column":2},"end":{"line":2,"column":8}},"3":{"start":{"line":4,"column":2},"end":{"line":4,"column":19}},"4":{"start":{"line":6,"column":2},"end":{"line":21,"column":4}},"5":{"start":{"line":7,"column":4},"end":{"line":7,"column":13}},"6":{"start":{"line":8,"column":4},"end":{"line":8,"column":14}},"7":{"start":{"line":9,"column":4},"end":{"line":19,"column":6}},"8":{"start":{"line":10,"column":6},"end":{"line":10,"column":35}},"9":{"start":{"line":11,"column":6},"end":{"line":11,"column":27}},"10":{"start":{"line":12,"column":6},"end":{"line":12,"column":43}},"11":{"start":{"line":13,"column":6},"end":{"line":17,"column":7}},"12":{"start":{"line":14,"column":8},"end":{"line":14,"column":33}},"13":{"start":{"line":16,"column":8},"end":{"line":16,"column":48}},"14":{"start":{"line":18,"column":6},"end":{"line":18,"column":30}},"15":{"start":{"line":20,"column":4},"end":{"line":20,"column":16}}},"branchMap":{"1":{"line":13,"type":"if","locations":[{"start":{"line":13,"column":6},"end":{"line":13,"column":6}},{"start":{"line":13,"column":6},"end":{"line":13,"column":6}}]}}},"/Users/r1cebank/Documents/rai/dist/dbloader/loader.js":{"path":"/Users/r1cebank/Documents/rai/dist/dbloader/loader.js","s":{"1":1,"2":1,"3":1,"4":1,"5":1,"6":1,"7":1,"8":1,"9":1,"10":1,"11":5,"12":1},"b":{},"f":{"1":1,"2":1,"3":5,"4":1},"fnMap":{"1":{"name":"(anonymous_1)","line":1,"loc":{"start":{"line":1,"column":1},"end":{"line":1,"column":12}}},"2":{"name":"(anonymous_2)","line":8,"loc":{"start":{"line":8,"column":19},"end":{"line":8,"column":56}}},"3":{"name":"(anonymous_3)","line":13,"loc":{"start":{"line":13,"column":38},"end":{"line":13,"column":57}}},"4":{"name":"(anonymous_4)","line":15,"loc":{"start":{"line":15,"column":13},"end":{"line":15,"column":24}}}},"statementMap":{"1":{"start":{"line":1,"column":0},"end":{"line":20,"column":14}},"2":{"start":{"line":2,"column":2},"end":{"line":2,"column":12}},"3":{"start":{"line":4,"column":2},"end":{"line":4,"column":21}},"4":{"start":{"line":6,"column":2},"end":{"line":6,"column":19}},"5":{"start":{"line":8,"column":2},"end":{"line":18,"column":4}},"6":{"start":{"line":9,"column":4},"end":{"line":9,"column":31}},"7":{"start":{"line":10,"column":4},"end":{"line":10,"column":55}},"8":{"start":{"line":11,"column":4},"end":{"line":11,"column":51}},"9":{"start":{"line":12,"column":4},"end":{"line":12,"column":52}},"10":{"start":{"line":13,"column":4},"end":{"line":17,"column":14}},"11":{"start":{"line":14,"column":6},"end":{"line":14,"column":65}},"12":{"start":{"line":16,"column":6},"end":{"line":16,"column":20}}},"branchMap":{}}}