{"/Users/r1cebank/Documents/rai/dist/dbloader/routeloader.js":{"path":"/Users/r1cebank/Documents/rai/dist/dbloader/routeloader.js","s":{"1":1,"2":1,"3":2,"4":2,"5":2,"6":2,"7":2,"8":2,"9":2,"10":2,"11":2,"12":2,"13":2,"14":2,"15":2,"16":2,"17":2,"18":19,"19":19,"20":19,"21":1,"22":1,"23":1,"24":1,"25":0,"26":0,"27":0,"28":0,"29":0,"30":0,"31":0,"32":0,"33":0,"34":0,"35":0,"36":0,"37":0,"38":0,"39":0,"40":0,"41":0,"42":0,"43":18,"44":19,"45":2},"b":{"1":[1,18],"2":[0,0],"3":[0,0]},"f":{"1":1,"2":2,"3":19,"4":0,"5":0,"6":0,"7":0,"8":0},"fnMap":{"1":{"name":"(anonymous_1)","line":1,"loc":{"start":{"line":1,"column":1},"end":{"line":1,"column":12}}},"2":{"name":"(anonymous_2)","line":2,"loc":{"start":{"line":2,"column":19},"end":{"line":2,"column":30}}},"3":{"name":"(anonymous_3)","line":17,"loc":{"start":{"line":17,"column":28},"end":{"line":17,"column":60}}},"4":{"name":"(anonymous_4)","line":24,"loc":{"start":{"line":24,"column":21},"end":{"line":24,"column":36}}},"5":{"name":"(anonymous_5)","line":26,"loc":{"start":{"line":26,"column":18},"end":{"line":26,"column":41}}},"6":{"name":"(anonymous_6)","line":37,"loc":{"start":{"line":37,"column":43},"end":{"line":37,"column":62}}},"7":{"name":"(anonymous_7)","line":48,"loc":{"start":{"line":48,"column":20},"end":{"line":48,"column":34}}},"8":{"name":"(anonymous_8)","line":50,"loc":{"start":{"line":50,"column":22},"end":{"line":50,"column":33}}}},"statementMap":{"1":{"start":{"line":1,"column":0},"end":{"line":61,"column":14}},"2":{"start":{"line":2,"column":2},"end":{"line":59,"column":4}},"3":{"start":{"line":3,"column":4},"end":{"line":3,"column":100}},"4":{"start":{"line":4,"column":4},"end":{"line":4,"column":14}},"5":{"start":{"line":5,"column":4},"end":{"line":5,"column":48}},"6":{"start":{"line":6,"column":4},"end":{"line":6,"column":47}},"7":{"start":{"line":7,"column":4},"end":{"line":7,"column":51}},"8":{"start":{"line":8,"column":4},"end":{"line":8,"column":42}},"9":{"start":{"line":9,"column":4},"end":{"line":9,"column":33}},"10":{"start":{"line":10,"column":4},"end":{"line":10,"column":18}},"11":{"start":{"line":11,"column":4},"end":{"line":11,"column":21}},"12":{"start":{"line":12,"column":4},"end":{"line":12,"column":27}},"13":{"start":{"line":13,"column":4},"end":{"line":13,"column":49}},"14":{"start":{"line":14,"column":4},"end":{"line":14,"column":35}},"15":{"start":{"line":15,"column":4},"end":{"line":15,"column":33}},"16":{"start":{"line":16,"column":4},"end":{"line":16,"column":35}},"17":{"start":{"line":17,"column":4},"end":{"line":57,"column":6}},"18":{"start":{"line":18,"column":6},"end":{"line":18,"column":32}},"19":{"start":{"line":19,"column":6},"end":{"line":19,"column":27}},"20":{"start":{"line":20,"column":6},"end":{"line":55,"column":7}},"21":{"start":{"line":21,"column":8},"end":{"line":21,"column":44}},"22":{"start":{"line":22,"column":8},"end":{"line":22,"column":75}},"23":{"start":{"line":23,"column":8},"end":{"line":23,"column":48}},"24":{"start":{"line":24,"column":8},"end":{"line":52,"column":18}},"25":{"start":{"line":25,"column":10},"end":{"line":25,"column":49}},"26":{"start":{"line":27,"column":10},"end":{"line":27,"column":37}},"27":{"start":{"line":28,"column":10},"end":{"line":28,"column":23}},"28":{"start":{"line":29,"column":10},"end":{"line":46,"column":11}},"29":{"start":{"line":30,"column":12},"end":{"line":30,"column":30}},"30":{"start":{"line":31,"column":12},"end":{"line":45,"column":13}},"31":{"start":{"line":32,"column":14},"end":{"line":32,"column":64}},"32":{"start":{"line":33,"column":14},"end":{"line":33,"column":50}},"33":{"start":{"line":34,"column":14},"end":{"line":34,"column":46}},"34":{"start":{"line":35,"column":14},"end":{"line":42,"column":15}},"35":{"start":{"line":36,"column":16},"end":{"line":36,"column":62}},"36":{"start":{"line":37,"column":16},"end":{"line":39,"column":20}},"37":{"start":{"line":38,"column":18},"end":{"line":38,"column":83}},"38":{"start":{"line":41,"column":16},"end":{"line":41,"column":37}},"39":{"start":{"line":44,"column":14},"end":{"line":44,"column":35}},"40":{"start":{"line":47,"column":10},"end":{"line":47,"column":25}},"41":{"start":{"line":49,"column":10},"end":{"line":49,"column":49}},"42":{"start":{"line":51,"column":10},"end":{"line":51,"column":36}},"43":{"start":{"line":54,"column":8},"end":{"line":54,"column":57}},"44":{"start":{"line":56,"column":6},"end":{"line":56,"column":30}},"45":{"start":{"line":58,"column":4},"end":{"line":58,"column":16}}},"branchMap":{"1":{"line":20,"type":"if","locations":[{"start":{"line":20,"column":6},"end":{"line":20,"column":6}},{"start":{"line":20,"column":6},"end":{"line":20,"column":6}}]},"2":{"line":31,"type":"if","locations":[{"start":{"line":31,"column":12},"end":{"line":31,"column":12}},{"start":{"line":31,"column":12},"end":{"line":31,"column":12}}]},"3":{"line":35,"type":"if","locations":[{"start":{"line":35,"column":14},"end":{"line":35,"column":14}},{"start":{"line":35,"column":14},"end":{"line":35,"column":14}}]}}},"/Users/r1cebank/Documents/rai/dist/dbloader/dbloader.js":{"path":"/Users/r1cebank/Documents/rai/dist/dbloader/dbloader.js","s":{"1":1,"2":1,"3":2,"4":2,"5":2,"6":2,"7":0,"8":0,"9":0,"10":0,"11":0,"12":0,"13":0,"14":2,"15":1,"16":1,"17":1,"18":0,"19":0,"20":0,"21":1,"22":2},"b":{"1":[0,0],"2":[0,0]},"f":{"1":1,"2":2,"3":0,"4":0,"5":1,"6":0},"fnMap":{"1":{"name":"(anonymous_1)","line":1,"loc":{"start":{"line":1,"column":1},"end":{"line":1,"column":12}}},"2":{"name":"(anonymous_2)","line":2,"loc":{"start":{"line":2,"column":19},"end":{"line":2,"column":37}}},"3":{"name":"(anonymous_3)","line":6,"loc":{"start":{"line":6,"column":21},"end":{"line":6,"column":34}}},"4":{"name":"(anonymous_4)","line":9,"loc":{"start":{"line":9,"column":32},"end":{"line":9,"column":52}}},"5":{"name":"(anonymous_5)","line":18,"loc":{"start":{"line":18,"column":30},"end":{"line":18,"column":43}}},"6":{"name":"(anonymous_6)","line":21,"loc":{"start":{"line":21,"column":30},"end":{"line":21,"column":50}}}},"statementMap":{"1":{"start":{"line":1,"column":0},"end":{"line":33,"column":14}},"2":{"start":{"line":2,"column":2},"end":{"line":31,"column":4}},"3":{"start":{"line":3,"column":4},"end":{"line":3,"column":16}},"4":{"start":{"line":4,"column":4},"end":{"line":4,"column":14}},"5":{"start":{"line":5,"column":4},"end":{"line":5,"column":21}},"6":{"start":{"line":6,"column":4},"end":{"line":17,"column":6}},"7":{"start":{"line":7,"column":6},"end":{"line":7,"column":19}},"8":{"start":{"line":8,"column":6},"end":{"line":8,"column":27}},"9":{"start":{"line":9,"column":6},"end":{"line":15,"column":9}},"10":{"start":{"line":10,"column":8},"end":{"line":14,"column":9}},"11":{"start":{"line":11,"column":10},"end":{"line":11,"column":51}},"12":{"start":{"line":13,"column":10},"end":{"line":13,"column":40}},"13":{"start":{"line":16,"column":6},"end":{"line":16,"column":30}},"14":{"start":{"line":18,"column":4},"end":{"line":29,"column":6}},"15":{"start":{"line":19,"column":6},"end":{"line":19,"column":19}},"16":{"start":{"line":20,"column":6},"end":{"line":20,"column":27}},"17":{"start":{"line":21,"column":6},"end":{"line":27,"column":9}},"18":{"start":{"line":22,"column":8},"end":{"line":26,"column":9}},"19":{"start":{"line":23,"column":10},"end":{"line":23,"column":59}},"20":{"start":{"line":25,"column":10},"end":{"line":25,"column":40}},"21":{"start":{"line":28,"column":6},"end":{"line":28,"column":30}},"22":{"start":{"line":30,"column":4},"end":{"line":30,"column":16}}},"branchMap":{"1":{"line":10,"type":"if","locations":[{"start":{"line":10,"column":8},"end":{"line":10,"column":8}},{"start":{"line":10,"column":8},"end":{"line":10,"column":8}}]},"2":{"line":22,"type":"if","locations":[{"start":{"line":22,"column":8},"end":{"line":22,"column":8}},{"start":{"line":22,"column":8},"end":{"line":22,"column":8}}]}}},"/Users/r1cebank/Documents/rai/dist/dbloader/responseBuilder.js":{"path":"/Users/r1cebank/Documents/rai/dist/dbloader/responseBuilder.js","s":{"1":1,"2":1,"3":1,"4":1,"5":2,"6":2,"7":2,"8":0,"9":0,"10":0,"11":0,"12":0,"13":0,"14":0,"15":2},"b":{"1":[0,0]},"f":{"1":1,"2":2,"3":0},"fnMap":{"1":{"name":"(anonymous_1)","line":1,"loc":{"start":{"line":1,"column":1},"end":{"line":1,"column":12}}},"2":{"name":"(anonymous_2)","line":6,"loc":{"start":{"line":6,"column":19},"end":{"line":6,"column":30}}},"3":{"name":"(anonymous_3)","line":9,"loc":{"start":{"line":9,"column":25},"end":{"line":9,"column":51}}}},"statementMap":{"1":{"start":{"line":1,"column":0},"end":{"line":23,"column":14}},"2":{"start":{"line":2,"column":2},"end":{"line":2,"column":8}},"3":{"start":{"line":4,"column":2},"end":{"line":4,"column":19}},"4":{"start":{"line":6,"column":2},"end":{"line":21,"column":4}},"5":{"start":{"line":7,"column":4},"end":{"line":7,"column":13}},"6":{"start":{"line":8,"column":4},"end":{"line":8,"column":14}},"7":{"start":{"line":9,"column":4},"end":{"line":19,"column":6}},"8":{"start":{"line":10,"column":6},"end":{"line":10,"column":35}},"9":{"start":{"line":11,"column":6},"end":{"line":11,"column":27}},"10":{"start":{"line":12,"column":6},"end":{"line":12,"column":43}},"11":{"start":{"line":13,"column":6},"end":{"line":17,"column":7}},"12":{"start":{"line":14,"column":8},"end":{"line":14,"column":33}},"13":{"start":{"line":16,"column":8},"end":{"line":16,"column":48}},"14":{"start":{"line":18,"column":6},"end":{"line":18,"column":30}},"15":{"start":{"line":20,"column":4},"end":{"line":20,"column":16}}},"branchMap":{"1":{"line":13,"type":"if","locations":[{"start":{"line":13,"column":6},"end":{"line":13,"column":6}},{"start":{"line":13,"column":6},"end":{"line":13,"column":6}}]}}},"/Users/r1cebank/Documents/rai/dist/dbloader/loader.js":{"path":"/Users/r1cebank/Documents/rai/dist/dbloader/loader.js","s":{"1":1,"2":1,"3":1,"4":1,"5":1,"6":1,"7":1,"8":1,"9":1,"10":1,"11":1,"12":1,"13":17,"14":1,"15":0,"16":0},"b":{},"f":{"1":1,"2":1,"3":17,"4":1,"5":0},"fnMap":{"1":{"name":"(anonymous_1)","line":1,"loc":{"start":{"line":1,"column":1},"end":{"line":1,"column":12}}},"2":{"name":"(anonymous_2)","line":14,"loc":{"start":{"line":14,"column":19},"end":{"line":14,"column":47}}},"3":{"name":"(anonymous_3)","line":18,"loc":{"start":{"line":18,"column":38},"end":{"line":18,"column":57}}},"4":{"name":"(anonymous_4)","line":20,"loc":{"start":{"line":20,"column":13},"end":{"line":20,"column":24}}},"5":{"name":"(anonymous_5)","line":22,"loc":{"start":{"line":22,"column":16},"end":{"line":22,"column":28}}}},"statementMap":{"1":{"start":{"line":1,"column":0},"end":{"line":28,"column":14}},"2":{"start":{"line":2,"column":2},"end":{"line":2,"column":34}},"3":{"start":{"line":4,"column":2},"end":{"line":4,"column":21}},"4":{"start":{"line":6,"column":2},"end":{"line":6,"column":31}},"5":{"start":{"line":8,"column":2},"end":{"line":8,"column":16}},"6":{"start":{"line":10,"column":2},"end":{"line":10,"column":19}},"7":{"start":{"line":12,"column":2},"end":{"line":12,"column":46}},"8":{"start":{"line":14,"column":2},"end":{"line":26,"column":4}},"9":{"start":{"line":15,"column":4},"end":{"line":15,"column":18}},"10":{"start":{"line":16,"column":4},"end":{"line":16,"column":51}},"11":{"start":{"line":17,"column":4},"end":{"line":17,"column":52}},"12":{"start":{"line":18,"column":4},"end":{"line":25,"column":14}},"13":{"start":{"line":19,"column":6},"end":{"line":19,"column":65}},"14":{"start":{"line":21,"column":6},"end":{"line":21,"column":20}},"15":{"start":{"line":23,"column":6},"end":{"line":23,"column":23}},"16":{"start":{"line":24,"column":6},"end":{"line":24,"column":20}}},"branchMap":{}}}