TN:
SF:/Users/r1cebank/Documents/rai/dist/dbloader/routeloader.js
FN:1,(anonymous_1)
FN:2,(anonymous_2)
FN:17,(anonymous_3)
FN:24,(anonymous_4)
FN:26,(anonymous_5)
FN:37,(anonymous_6)
FN:48,(anonymous_7)
FN:50,(anonymous_8)
FNF:8
FNH:3
FNDA:1,(anonymous_1)
FNDA:2,(anonymous_2)
FNDA:19,(anonymous_3)
FNDA:0,(anonymous_4)
FNDA:0,(anonymous_5)
FNDA:0,(anonymous_6)
FNDA:0,(anonymous_7)
FNDA:0,(anonymous_8)
DA:1,1
DA:2,1
DA:3,2
DA:4,2
DA:5,2
DA:6,2
DA:7,2
DA:8,2
DA:9,2
DA:10,2
DA:11,2
DA:12,2
DA:13,2
DA:14,2
DA:15,2
DA:16,2
DA:17,2
DA:18,19
DA:19,19
DA:20,19
DA:21,1
DA:22,1
DA:23,1
DA:24,1
DA:25,0
DA:27,0
DA:28,0
DA:29,0
DA:30,0
DA:31,0
DA:32,0
DA:33,0
DA:34,0
DA:35,0
DA:36,0
DA:37,0
DA:38,0
DA:41,0
DA:44,0
DA:47,0
DA:49,0
DA:51,0
DA:54,18
DA:56,19
DA:58,2
LF:45
LH:27
BRDA:20,1,0,1
BRDA:20,1,1,18
BRDA:31,2,0,0
BRDA:31,2,1,0
BRDA:35,3,0,0
BRDA:35,3,1,0
BRF:6
BRH:2
end_of_record
TN:
SF:/Users/r1cebank/Documents/rai/dist/dbloader/dbloader.js
FN:1,(anonymous_1)
FN:2,(anonymous_2)
FN:6,(anonymous_3)
FN:9,(anonymous_4)
FN:18,(anonymous_5)
FN:21,(anonymous_6)
FNF:6
FNH:3
FNDA:1,(anonymous_1)
FNDA:2,(anonymous_2)
FNDA:0,(anonymous_3)
FNDA:0,(anonymous_4)
FNDA:1,(anonymous_5)
FNDA:0,(anonymous_6)
DA:1,1
DA:2,1
DA:3,2
DA:4,2
DA:5,2
DA:6,2
DA:7,0
DA:8,0
DA:9,0
DA:10,0
DA:11,0
DA:13,0
DA:16,0
DA:18,2
DA:19,1
DA:20,1
DA:21,1
DA:22,0
DA:23,0
DA:25,0
DA:28,1
DA:30,2
LF:22
LH:12
BRDA:10,1,0,0
BRDA:10,1,1,0
BRDA:22,2,0,0
BRDA:22,2,1,0
BRF:4
BRH:0
end_of_record
TN:
SF:/Users/r1cebank/Documents/rai/dist/dbloader/responseBuilder.js
FN:1,(anonymous_1)
FN:6,(anonymous_2)
FN:9,(anonymous_3)
FNF:3
FNH:2
FNDA:1,(anonymous_1)
FNDA:2,(anonymous_2)
FNDA:0,(anonymous_3)
DA:1,1
DA:2,1
DA:4,1
DA:6,1
DA:7,2
DA:8,2
DA:9,2
DA:10,0
DA:11,0
DA:12,0
DA:13,0
DA:14,0
DA:16,0
DA:18,0
DA:20,2
LF:15
LH:8
BRDA:13,1,0,0
BRDA:13,1,1,0
BRF:2
BRH:0
end_of_record
TN:
SF:/Users/r1cebank/Documents/rai/dist/dbloader/loader.js
FN:1,(anonymous_1)
FN:14,(anonymous_2)
FN:18,(anonymous_3)
FN:20,(anonymous_4)
FN:22,(anonymous_5)
FNF:5
FNH:4
FNDA:1,(anonymous_1)
FNDA:1,(anonymous_2)
FNDA:17,(anonymous_3)
FNDA:1,(anonymous_4)
FNDA:0,(anonymous_5)
DA:1,1
DA:2,1
DA:4,1
DA:6,1
DA:8,1
DA:10,1
DA:12,1
DA:14,1
DA:15,1
DA:16,1
DA:17,1
DA:18,1
DA:19,17
DA:21,1
DA:23,0
DA:24,0
LF:16
LH:14
BRF:0
BRH:0
end_of_record
