TN:
SF:/Users/r1cebank/Documents/rai/dist/dbloader/dbloader.js
FN:1,(anonymous_1)
FN:2,(anonymous_2)
FN:6,(anonymous_3)
FN:9,(anonymous_4)
FN:18,(anonymous_5)
FN:21,(anonymous_6)
FNF:6
FNH:6
FNDA:1,(anonymous_1)
FNDA:3,(anonymous_2)
FNDA:3,(anonymous_3)
FNDA:3,(anonymous_4)
FNDA:1,(anonymous_5)
FNDA:1,(anonymous_6)
DA:1,1
DA:2,1
DA:3,3
DA:4,3
DA:5,3
DA:6,3
DA:7,3
DA:8,3
DA:9,3
DA:10,3
DA:11,1
DA:13,2
DA:16,3
DA:18,3
DA:19,1
DA:20,1
DA:21,1
DA:22,1
DA:23,0
DA:25,1
DA:28,1
DA:30,3
LF:22
LH:21
BRDA:10,1,0,1
BRDA:10,1,1,2
BRDA:22,2,0,0
BRDA:22,2,1,1
BRF:4
BRH:3
end_of_record
TN:
SF:/Users/r1cebank/Documents/rai/dist/dbloader/routeloader.js
FN:1,(anonymous_1)
FN:2,(anonymous_2)
FN:15,(anonymous_3)
FN:22,(anonymous_4)
FN:24,(anonymous_5)
FN:35,(anonymous_6)
FN:46,(anonymous_7)
FN:48,(anonymous_8)
FNF:8
FNH:6
FNDA:1,(anonymous_1)
FNDA:2,(anonymous_2)
FNDA:19,(anonymous_3)
FNDA:1,(anonymous_4)
FNDA:1,(anonymous_5)
FNDA:0,(anonymous_6)
FNDA:0,(anonymous_7)
FNDA:1,(anonymous_8)
DA:1,1
DA:2,1
DA:3,2
DA:4,2
DA:5,2
DA:6,2
DA:7,2
DA:8,2
DA:9,2
DA:10,2
DA:11,2
DA:12,2
DA:13,2
DA:14,2
DA:15,2
DA:16,19
DA:17,19
DA:18,19
DA:19,1
DA:20,1
DA:21,1
DA:22,1
DA:23,1
DA:25,1
DA:26,1
DA:27,1
DA:28,2
DA:29,2
DA:30,2
DA:31,2
DA:32,2
DA:33,2
DA:34,2
DA:35,2
DA:36,0
DA:39,0
DA:42,0
DA:45,1
DA:47,0
DA:49,1
DA:52,18
DA:54,19
DA:56,2
LF:43
LH:39
BRDA:18,1,0,1
BRDA:18,1,1,18
BRDA:29,2,0,2
BRDA:29,2,1,0
BRDA:33,3,0,2
BRDA:33,3,1,0
BRF:6
BRH:4
end_of_record
TN:
SF:/Users/r1cebank/Documents/rai/dist/dbloader/responseBuilder.js
FN:1,(anonymous_1)
FN:6,(anonymous_2)
FN:9,(anonymous_3)
FNF:3
FNH:2
FNDA:1,(anonymous_1)
FNDA:2,(anonymous_2)
FNDA:0,(anonymous_3)
DA:1,1
DA:2,1
DA:4,1
DA:6,1
DA:7,2
DA:8,2
DA:9,2
DA:10,0
DA:11,0
DA:12,0
DA:13,0
DA:14,0
DA:16,0
DA:18,0
DA:20,2
LF:15
LH:8
BRDA:13,1,0,0
BRDA:13,1,1,0
BRF:2
BRH:0
end_of_record
TN:
SF:/Users/r1cebank/Documents/rai/dist/dbloader/loader.js
FN:1,(anonymous_1)
FN:8,(anonymous_2)
FN:13,(anonymous_3)
FN:15,(anonymous_4)
FN:17,(anonymous_5)
FNF:5
FNH:4
FNDA:1,(anonymous_1)
FNDA:1,(anonymous_2)
FNDA:17,(anonymous_3)
FNDA:1,(anonymous_4)
FNDA:0,(anonymous_5)
DA:1,1
DA:2,1
DA:4,1
DA:6,1
DA:8,1
DA:9,1
DA:10,1
DA:11,1
DA:12,1
DA:13,1
DA:14,17
DA:16,1
DA:18,0
DA:19,0
LF:14
LH:12
BRF:0
BRH:0
end_of_record
